This is pdfTeXk, Version 3.1415926-1.40.9 (Web2C 7.5.7) (format=pdflatex 2008.12.28)  10 JUL 2009 17:38
entering extended mode
\write18 enabled.
 %&-line parsing enabled.
**ATK_latex.tex
(./ATK_latex.tex
LaTeX2e <2005/12/01>
Babel <v3.8l> and hyphenation patterns for english, usenglishmax, dumylang, noh
yphenation, german-x-2008-06-18, ngerman-x-2008-06-18, ancientgreek, ibycus, ar
abic, basque, bulgarian, catalan, pinyin, coptic, croatian, czech, danish, dutc
h, esperanto, estonian, farsi, finnish, french, galician, german, ngerman, mono
greek, greek, hungarian, icelandic, indonesian, interlingua, irish, italian, la
tin, lithuanian, mongolian, mongolian2a, bokmal, nynorsk, polish, portuguese, r
omanian, russian, sanskrit, serbian, slovak, slovenian, spanish, swedish, turki
sh, ukenglish, ukrainian, uppersorbian, welsh, loaded.
(/usr/local/texlive/2008/texmf-dist/tex/latex/base/article.cls
Document Class: article 2005/09/16 v1.4f Standard LaTeX document class
(/usr/local/texlive/2008/texmf-dist/tex/latex/base/size12.clo
File: size12.clo 2005/09/16 v1.4f Standard LaTeX file (size option)
)
\c@part=\count79
\c@section=\count80
\c@subsection=\count81
\c@subsubsection=\count82
\c@paragraph=\count83
\c@subparagraph=\count84
\c@figure=\count85
\c@table=\count86
\abovecaptionskip=\skip41
\belowcaptionskip=\skip42
\bibindent=\dimen102
)
(/usr/local/texlive/2008/texmf-dist/tex/latex/geometry/geometry.sty
Package: geometry 2008/12/21 v4.2 Page Geometry

(/usr/local/texlive/2008/texmf-dist/tex/latex/graphics/keyval.sty
Package: keyval 1999/03/16 v1.13 key=value parser (DPC)
\KV@toks@=\toks14
)
(/usr/local/texlive/2008/texmf-dist/tex/generic/oberdiek/ifpdf.sty
Package: ifpdf 2009/04/10 v2.0 Provides the ifpdf switch (HO)
Package ifpdf Info: pdfTeX in pdf mode detected.
)
(/usr/local/texlive/2008/texmf-dist/tex/generic/oberdiek/ifvtex.sty
Package: ifvtex 2008/11/04 v1.4 Switches for detecting VTeX and its modes (HO)
Package ifvtex Info: VTeX not detected.
)
\Gm@cnth=\count87
\Gm@cntv=\count88
\c@Gm@tempcnt=\count89
\Gm@bindingoffset=\dimen103
\Gm@wd@mp=\dimen104
\Gm@odd@mp=\dimen105
\Gm@even@mp=\dimen106
\Gm@dimlist=\toks15

(/usr/local/texlive/2008/texmf-dist/tex/xelatex/xetexconfig/geometry.cfg))
(/usr/local/texlive/2008/texmf-dist/tex/latex/graphics/graphicx.sty
Package: graphicx 1999/02/16 v1.0f Enhanced LaTeX Graphics (DPC,SPQR)

(/usr/local/texlive/2008/texmf-dist/tex/latex/graphics/graphics.sty
Package: graphics 2006/02/20 v1.0o Standard LaTeX Graphics (DPC,SPQR)

(/usr/local/texlive/2008/texmf-dist/tex/latex/graphics/trig.sty
Package: trig 1999/03/16 v1.09 sin cos tan (DPC)
)
(/usr/local/texlive/2008/texmf/tex/latex/config/graphics.cfg
File: graphics.cfg 2007/01/18 v1.5 graphics configuration of teTeX/TeXLive
)
Package graphics Info: Driver file: pdftex.def on input line 90.

(/usr/local/texlive/2008/texmf-dist/tex/latex/pdftex-def/pdftex.def
File: pdftex.def 2008/09/08 v0.04l Graphics/color for pdfTeX
\Gread@gobject=\count90
))
\Gin@req@height=\dimen107
\Gin@req@width=\dimen108
)
(/usr/local/texlive/2008/texmf-dist/tex/latex/ltxmisc/url.sty
\Urlmuskip=\muskip10
Package: url 2006/04/12  ver 3.3  Verb mode for urls, etc.
)
(/usr/local/texlive/2008/texmf-dist/tex/latex/base/inputenc.sty
Package: inputenc 2006/05/05 v1.1b Input encoding file
\inpenc@prehook=\toks16
\inpenc@posthook=\toks17

(/usr/local/texlive/2008/texmf-dist/tex/latex/base/latin1.def
File: latin1.def 2006/05/05 v1.1b Input encoding file
))
(/usr/local/texlive/2008/texmf-dist/tex/latex/amsfonts/amssymb.sty
Package: amssymb 2002/01/22 v2.2d

(/usr/local/texlive/2008/texmf-dist/tex/latex/amsfonts/amsfonts.sty
Package: amsfonts 2001/10/25 v2.2f
\@emptytoks=\toks18
\symAMSa=\mathgroup4
\symAMSb=\mathgroup5
LaTeX Font Info:    Overwriting math alphabet `\mathfrak' in version `bold'
(Font)                  U/euf/m/n --> U/euf/b/n on input line 132.
))
(/usr/local/texlive/2008/texmf-dist/tex/latex/amsmath/amsmath.sty
Package: amsmath 2000/07/18 v2.13 AMS math features
\@mathmargin=\skip43

For additional information on amsmath, use the `?' option.
(/usr/local/texlive/2008/texmf-dist/tex/latex/amsmath/amstext.sty
Package: amstext 2000/06/29 v2.01

(/usr/local/texlive/2008/texmf-dist/tex/latex/amsmath/amsgen.sty
File: amsgen.sty 1999/11/30 v2.0
\@emptytoks=\toks19
\ex@=\dimen109
))
(/usr/local/texlive/2008/texmf-dist/tex/latex/amsmath/amsbsy.sty
Package: amsbsy 1999/11/29 v1.2d
\pmbraise@=\dimen110
)
(/usr/local/texlive/2008/texmf-dist/tex/latex/amsmath/amsopn.sty
Package: amsopn 1999/12/14 v2.01 operator names
)
\inf@bad=\count91
LaTeX Info: Redefining \frac on input line 211.
\uproot@=\count92
\leftroot@=\count93
LaTeX Info: Redefining \overline on input line 307.
\classnum@=\count94
\DOTSCASE@=\count95
LaTeX Info: Redefining \ldots on input line 379.
LaTeX Info: Redefining \dots on input line 382.
LaTeX Info: Redefining \cdots on input line 467.
\Mathstrutbox@=\box26
\strutbox@=\box27
\big@size=\dimen111
LaTeX Font Info:    Redeclaring font encoding OML on input line 567.
LaTeX Font Info:    Redeclaring font encoding OMS on input line 568.
\macc@depth=\count96
\c@MaxMatrixCols=\count97
\dotsspace@=\muskip11
\c@parentequation=\count98
\dspbrk@lvl=\count99
\tag@help=\toks20
\row@=\count100
\column@=\count101
\maxfields@=\count102
\andhelp@=\toks21
\eqnshift@=\dimen112
\alignsep@=\dimen113
\tagshift@=\dimen114
\tagwidth@=\dimen115
\totwidth@=\dimen116
\lineht@=\dimen117
\@envbody=\toks22
\multlinegap=\skip44
\multlinetaggap=\skip45
\mathdisplay@stack=\toks23
LaTeX Info: Redefining \[ on input line 2666.
LaTeX Info: Redefining \] on input line 2667.
)
(./ATK_latex.aux

LaTeX Warning: Label `eq:point_encode' multiply defined.

)
\openout1 = `ATK_latex.aux'.

LaTeX Font Info:    Checking defaults for OML/cmm/m/it on input line 33.
LaTeX Font Info:    ... okay on input line 33.
LaTeX Font Info:    Checking defaults for T1/cmr/m/n on input line 33.
LaTeX Font Info:    ... okay on input line 33.
LaTeX Font Info:    Checking defaults for OT1/cmr/m/n on input line 33.
LaTeX Font Info:    ... okay on input line 33.
LaTeX Font Info:    Checking defaults for OMS/cmsy/m/n on input line 33.
LaTeX Font Info:    ... okay on input line 33.
LaTeX Font Info:    Checking defaults for OMX/cmex/m/n on input line 33.
LaTeX Font Info:    ... okay on input line 33.
LaTeX Font Info:    Checking defaults for U/cmr/m/n on input line 33.
LaTeX Font Info:    ... okay on input line 33.

*geometry auto-detecting driver*
*geometry detected driver: pdftex*
-------------------- Geometry parameters
paper: a4paper
landscape: --
twocolumn: --
twoside: --
asymmetric: --
h-parts: 89.62709pt, 0.7\paperwidth , 89.6271pt (default)
v-parts: 101.40665pt, 0.7\paperheight , 152.11pt (default)
hmarginratio: 1:1
vmarginratio: 2:3
lines: --
heightrounded: --
bindingoffset: 0.0pt
truedimen: --
includehead: --
includefoot: --
includemp: --
driver: pdftex
-------------------- Page layout dimensions and switches
\paperwidth  597.50787pt
\paperheight 845.04684pt
\textwidth  418.25368pt
\textheight 591.5302pt
\oddsidemargin  17.3571pt
\evensidemargin 17.3571pt
\topmargin  -7.86334pt
\headheight 12.0pt
\headsep    25.0pt
\footskip   30.0pt
\marginparwidth 44.0pt
\marginparsep   10.0pt
\columnsep  10.0pt
\skip\footins  10.8pt plus 4.0pt minus 2.0pt
\hoffset 0.0pt
\voffset 0.0pt
\mag 1000

(1in=72.27pt, 1cm=28.45pt)
-----------------------
(/usr/local/texlive/2008/texmf-dist/tex/context/base/supp-pdf.tex
[Loading MPS to PDF converter (version 2006.09.02).]
\scratchcounter=\count103
\scratchdimen=\dimen118
\scratchbox=\box28
\nofMPsegments=\count104
\nofMParguments=\count105
\everyMPshowfont=\toks24
\MPscratchCnt=\count106
\MPscratchDim=\dimen119
\MPnumerator=\count107
\everyMPtoPDFconversion=\toks25
)
LaTeX Font Info:    Try loading font information for U+msa on input line 35.
 (/usr/local/texlive/2008/texmf-dist/tex/latex/amsfonts/umsa.fd
File: umsa.fd 2002/01/19 v2.2g AMS font definitions
)
LaTeX Font Info:    Try loading font information for U+msb on input line 35.

(/usr/local/texlive/2008/texmf-dist/tex/latex/amsfonts/umsb.fd
File: umsb.fd 2002/01/19 v2.2g AMS font definitions
) [1

{/usr/local/texlive/2008/texmf-var/fonts/map/pdftex/updmap/pdftex.map}] [2] [3]
 [4] [5]
[6] [7]

LaTeX Warning: Command \textendash invalid in math mode on input line 484.


LaTeX Warning: Command \textdegree invalid in math mode on input line 484.


LaTeX Warning: Command \textdegree invalid in math mode on input line 484.

[8]

LaTeX Warning: Command \textdegree invalid in math mode on input line 507.


LaTeX Warning: Command \textdegree invalid in math mode on input line 507.

[9]

LaTeX Warning: Command \textdegree invalid in math mode on input line 512.


LaTeX Warning: Command \textdegree invalid in math mode on input line 515.


Underfull \hbox (badness 2856) in paragraph at lines 527--527
[][]\OT1/cmr/m/n/10 The au-thor has de-scribed a num-ber of clas-sic two-channe
l stereo trans-forms in
 []


LaTeX Warning: Command \textdegree invalid in math mode on input line 535.


LaTeX Warning: Command \textdegree invalid in math mode on input line 535.


LaTeX Warning: Command \textdegree invalid in math mode on input line 536.


LaTeX Warning: Command \textdegree invalid in math mode on input line 536.


LaTeX Warning: Command \textdegree invalid in math mode on input line 536.

[10]

LaTeX Warning: Command \textdegree invalid in math mode on input line 544.


LaTeX Warning: Command \textdegree invalid in math mode on input line 555.


LaTeX Warning: Command \textdegree invalid in math mode on input line 555.

[11] [12]

LaTeX Warning: Command \textdegree invalid in math mode on input line 595.


LaTeX Warning: Command \textdegree invalid in math mode on input line 595.


LaTeX Warning: Command \textdegree invalid in math mode on input line 604.

[13]

LaTeX Warning: Command \textdegree invalid in math mode on input line 649.

[14]

LaTeX Warning: Command \textdegree invalid in math mode on input line 659.


LaTeX Warning: Command \textdegree invalid in math mode on input line 667.

[15] (./ATK_latex.bbl [16])
<dominance_fig.pdf, id=69, 874.46701pt x 226.74712pt>
File: dominance_fig.pdf Graphic file (type pdf)
 <use dominance_fig.pdf>
<zoom_fig.pdf, id=70, 874.46701pt x 226.74712pt>
File: zoom_fig.pdf Graphic file (type pdf)
 <use zoom_fig.pdf>
<balance_fig.pdf, id=71, 874.46701pt x 226.74712pt>
File: balance_fig.pdf Graphic file (type pdf)
 <use balance_fig.pdf>
<focus_fig.pdf, id=72, 874.46701pt x 226.74712pt>
File: focus_fig.pdf Graphic file (type pdf)
 <use focus_fig.pdf>
<asymmetry_fig.pdf, id=73, 874.46701pt x 226.74712pt>
File: asymmetry_fig.pdf Graphic file (type pdf)
 <use asymmetry_fig.pdf>
<push_fig.pdf, id=74, 874.46701pt x 226.74712pt>
File: push_fig.pdf Graphic file (type pdf)
 <use push_fig.pdf>
<press_fig.pdf, id=75, 874.46701pt x 226.74712pt>
File: press_fig.pdf Graphic file (type pdf)
 <use press_fig.pdf> [17]
[18 <./dominance_fig.pdf> <./zoom_fig.pdf> <./balance_fig.pdf> <./focus_fig.pdf
>] [19 <./asymmetry_fig.pdf> <./push_fig.pdf> <./press_fig.pdf>]
(./ATK_latex.aux)

LaTeX Warning: There were multiply-defined labels.

 ) 
Here is how much of TeX's memory you used:
 2431 strings out of 493876
 30998 string characters out of 1150567
 91797 words of memory out of 3000000
 5675 multiletter control sequences out of 10000+50000
 15906 words of font info for 60 fonts, out of 3000000 for 5000
 714 hyphenation exceptions out of 8191
 27i,8n,24p,1239b,209s stack positions out of 5000i,500n,10000p,200000b,50000s
</usr/local/texlive/2008/texmf-dist/fonts/type1/bluesky/cm/cmbx10.pfb></usr/l
ocal/texlive/2008/texmf-dist/fonts/type1/bluesky/cm/cmbx12.pfb></usr/local/texl
ive/2008/texmf-dist/fonts/type1/bluesky/cm/cmex10.pfb></usr/local/texlive/2008/
texmf-dist/fonts/type1/bluesky/cm/cmmi10.pfb></usr/local/texlive/2008/texmf-dis
t/fonts/type1/bluesky/cm/cmmi12.pfb></usr/local/texlive/2008/texmf-dist/fonts/t
ype1/bluesky/cm/cmmi6.pfb></usr/local/texlive/2008/texmf-dist/fonts/type1/blues
ky/cm/cmmi8.pfb></usr/local/texlive/2008/texmf-dist/fonts/type1/bluesky/cm/cmr1
0.pfb></usr/local/texlive/2008/texmf-dist/fonts/type1/bluesky/cm/cmr12.pfb></us
r/local/texlive/2008/texmf-dist/fonts/type1/bluesky/cm/cmr17.pfb></usr/local/te
xlive/2008/texmf-dist/fonts/type1/bluesky/cm/cmr6.pfb></usr/local/texlive/2008/
texmf-dist/fonts/type1/bluesky/cm/cmr7.pfb></usr/local/texlive/2008/texmf-dist/
fonts/type1/bluesky/cm/cmr8.pfb></usr/local/texlive/2008/texmf-dist/fonts/type1
/bluesky/cm/cmsy10.pfb></usr/local/texlive/2008/texmf-dist/fonts/type1/bluesky/
cm/cmsy8.pfb></usr/local/texlive/2008/texmf-dist/fonts/type1/bluesky/cm/cmti10.
pfb></usr/local/texlive/2008/texmf-dist/fonts/type1/bluesky/cm/cmti12.pfb>
Output written on ATK_latex.pdf (19 pages, 2748500 bytes).
PDF statistics:
 644 PDF objects out of 1000 (max. 8388607)
 0 named destinations out of 1000 (max. 131072)
 36 words of extra memory for PDF output out of 10000 (max. 10000000)

